<?xml version="1.0" encoding="UTF-8"?>
<!-- Generated by org.testng.reporters.JUnitReportReporter -->
<testsuite hostname="SRIKANTH" failures="0" tests="1" name="TestNG.MultipleTestCaseExample" time="0.003" errors="0" timestamp="2024-07-20T22:03:23 IST" skipped="0">
  <testcase classname="TestNG.MultipleTestCaseExample" name="TC_004" time="0.003"/>
  <system-out/>
</testsuite> <!-- TestNG.MultipleTestCaseExample -->
