<?xml version="1.0" encoding="UTF-8"?>
<!-- Generated by org.testng.reporters.JUnitReportReporter -->
<testsuite hostname="SRIKANTH" failures="0" tests="1" name="TestNG.BaseClass" time="0.001" errors="0" timestamp="2024-07-20T20:40:31 IST" skipped="0">
  <testcase classname="TestNG.BaseClass" name="TC_002" time="0.001"/>
  <system-out/>
</testsuite> <!-- TestNG.BaseClass -->
