<?xml version="1.0" encoding="UTF-8"?>
<!-- Generated by org.testng.reporters.JUnitReportReporter -->
<testsuite hostname="SRIKANTH" failures="0" tests="2" name="TestNG.OneTcExample" time="0.011" errors="0" timestamp="2024-07-20T22:03:23 IST" skipped="0">
  <testcase classname="TestNG.OneTcExample" name="Test_01" time="0.003"/>
  <system-out/>
  <testcase classname="TestNG.OneTcExample" name="TC_002" time="0.008"/>
  <system-out/>
</testsuite> <!-- TestNG.OneTcExample -->
